0x105214000 1
0x105228000 1
0x105814000 2
0x105828000 2
0x10523c000 1
0x10583c000 2
0x105a14000 0
0x105850000 2
0x105864000 2
0x105250000 1
0x105a28000 0
0x105878000 2
0x105a3c000 0
0x10588c000 2
0x105a50000 0
0x1058a0000 2
0x105264000 1
0x105278000 1
0x10528c000 1
0x1052a0000 1
0x105a64000 0
0x1052b4000 1
0x105a78000 0
0x1058b4000 2
0x1052c8000 1
0x105a8c000 0
0x105aa0000 0
0x105ab4000 0
0x1058c8000 2
0x1052dc000 1
0x104eac000 255
0x104eb8000 255
0x104eac000 255
0x104c14000 1
0x104c28000 1
0x105214000 2
0x105228000 2
0x1013e4000 255
0x1013f0000 255
0x1013e4000 255
0x101014000 1
0x102bd4000 255
0x102be0000 255
0x102bd4000 255
0x102814000 1
0x1014ec000 255
0x1014f8000 255
0x1014ec000 255
0x101214000 1
0x102a68000 255
0x102a74000 255
0x102a68000 255
0x102614000 1
0x100c20000 255
0x100c2c000 255
0x100c20000 255
0x100814000 1
0x1030a0000 255
0x1030ac000 255
0x1030a0000 255
0x102e14000 1
0x101084000 255
0x101090000 255
0x101084000 255
0x100c14000 1
0x1007f4000 255
0x100a00000 255
0x1007f4000 255
0x100414000 1
0x100d4c000 255
0x100d58000 255
0x100d4c000 255
0x100a14000 1
0x103334000 255
0x103340000 255
0x103334000 255
0x103014000 1
